INFO:__main__:
Last Run at Wed Nov  2 10:18:54 2022 
 --------------------------------------- 

INFO:__main__:
Last Run at Wed Nov  2 10:32:39 2022 
 --------------------------------------- 

INFO:__main__:
Last Run at Wed Nov  2 10:43:15 2022 
 --------------------------------------- 

INFO:root:Got questions for vartika_7
INFO:root:[]
INFO:root:Got questions for zubaida
INFO:root:[]
INFO:root:Got questions for Anirudh-S-Kumar
INFO:root:['Minimum Number of Increments on Subarrays to Form a Target Array']
INFO:root:Got questions for devm4966
INFO:root:[]
INFO:root:Got questions for Zynade
INFO:root:[]
INFO:root:Got questions for upalsci
INFO:root:[]
INFO:root:Got questions for richa21086
INFO:root:[]
INFO:root:Got questions for Sahilence
INFO:root:[]
INFO:root:Got questions for Poorvi_21
INFO:root:[]
INFO:root:Got questions for aakarsh_11235
INFO:root:['Minimum Genetic Mutation']
INFO:root:Got questions for user8147as
INFO:root:[]
INFO:__main__:
Last Run at Wed Nov  2 10:53:14 2022 
 --------------------------------------- 

INFO:root:Got questions for vartika_7
INFO:root:[]
INFO:root:Got questions for zubaida
INFO:root:[]
INFO:root:Got questions for Anirudh-S-Kumar
INFO:root:['Minimum Number of Increments on Subarrays to Form a Target Array']
INFO:root:Got questions for devm4966
INFO:root:[]
INFO:root:Got questions for Zynade
INFO:root:[]
INFO:root:Got questions for upalsci
INFO:root:[]
INFO:root:Got questions for richa21086
INFO:root:[]
INFO:root:Got questions for Sahilence
INFO:root:[]
INFO:root:Got questions for Poorvi_21
INFO:root:[]
INFO:root:Got questions for aakarsh_11235
INFO:root:['Minimum Genetic Mutation']
INFO:root:Got questions for user8147as
INFO:root:[]
INFO:__main__:
Last Run at Wed Nov  2 10:57:05 2022 
 --------------------------------------- 

INFO:root:Got questions for vartika_7
INFO:root:[]
INFO:root:Got questions for zubaida
INFO:root:[]
INFO:root:Got questions for Anirudh-S-Kumar
INFO:root:['Minimum Number of Increments on Subarrays to Form a Target Array']
INFO:root:Got questions for devm4966
INFO:root:[]
INFO:root:Got questions for Zynade
INFO:root:[]
INFO:root:Got questions for upalsci
INFO:root:[]
INFO:root:Got questions for richa21086
INFO:root:[]
INFO:root:Got questions for Sahilence
INFO:root:[]
INFO:root:Got questions for Poorvi_21
INFO:root:[]
INFO:root:Got questions for aakarsh_11235
INFO:root:['Minimum Genetic Mutation']
INFO:root:Got questions for user8147as
INFO:root:[]
INFO:__main__:
Last Run at Wed Nov  2 11:48:16 2022 
 --------------------------------------- 

INFO:root:Got questions for vartika_7
INFO:root:[]
INFO:root:Got questions for zubaida
INFO:root:[]
INFO:root:Got questions for Anirudh-S-Kumar
INFO:root:['Minimum Number of Increments on Subarrays to Form a Target Array']
INFO:root:Got questions for devm4966
INFO:root:[]
INFO:root:Got questions for Zynade
INFO:root:[]
INFO:root:Got questions for upalsci
INFO:root:[]
INFO:root:Got questions for richa21086
INFO:root:[]
INFO:root:Got questions for Sahilence
INFO:root:[]
INFO:root:Got questions for Poorvi_21
INFO:root:[]
INFO:root:Got questions for aakarsh_11235
INFO:root:['Minimum Genetic Mutation']
INFO:root:Got questions for raghav_sakhuja
INFO:root:['Partitioning Into Minimum Number Of Deci-Binary Numbers']
INFO:root:Got questions for user8147as
INFO:root:[]
INFO:__main__:
Last Run at Wed Nov  2 12:42:34 2022 
 --------------------------------------- 

INFO:root:Got questions for vartika_7
INFO:root:[]
INFO:root:Got questions for zubaida
INFO:root:[]
INFO:root:Got questions for Anirudh-S-Kumar
INFO:root:['Minimum Number of Increments on Subarrays to Form a Target Array']
INFO:root:Got questions for devm4966
INFO:root:[]
INFO:root:Got questions for Zynade
INFO:root:[]
INFO:root:Got questions for upalsci
INFO:root:[]
INFO:root:Got questions for richa21086
INFO:root:[]
INFO:root:Got questions for Sahilence
INFO:root:[]
INFO:root:Got questions for Poorvi_21
INFO:root:[]
INFO:root:Got questions for aakarsh_11235
INFO:root:['Minimum Genetic Mutation']
INFO:root:Got questions for raghav_sakhuja
INFO:root:['Partitioning Into Minimum Number Of Deci-Binary Numbers']
INFO:root:Got questions for user8147as
INFO:root:[]
INFO:__main__:
Last Run at Wed Nov  2 13:36:23 2022 
 --------------------------------------- 

INFO:root:Got questions for vartika_7
INFO:root:[]
INFO:root:Got questions for zubaida
INFO:root:[]
INFO:root:Got questions for Anirudh-S-Kumar
INFO:root:['Minimum Number of Increments on Subarrays to Form a Target Array']
INFO:root:Got questions for devm4966
INFO:root:[]
INFO:root:Got questions for Zynade
INFO:root:[]
INFO:root:Got questions for upalsci
INFO:root:[]
INFO:root:Got questions for richa21086
INFO:root:[]
INFO:root:Got questions for Sahilence
INFO:root:[]
INFO:root:Got questions for Poorvi_21
INFO:root:[]
INFO:root:Got questions for aakarsh_11235
INFO:root:['Minimum Genetic Mutation']
INFO:root:Got questions for raghav_sakhuja
INFO:root:['Partitioning Into Minimum Number Of Deci-Binary Numbers']
INFO:root:Got questions for user8147as
INFO:root:[]
INFO:__main__:
Last Run at Wed Nov  2 14:15:09 2022 
 --------------------------------------- 

INFO:root:Got questions for vartika_7
INFO:root:[]
INFO:root:Got questions for zubaida
INFO:root:[]
INFO:root:Got questions for Anirudh-S-Kumar
INFO:root:[]
INFO:root:Got questions for devm4966
INFO:root:['Shortest Distance to a Character']
INFO:root:Got questions for Zynade
INFO:root:[]
INFO:root:Got questions for upalsci
INFO:root:[]
INFO:root:Got questions for richa21086
INFO:root:[]
INFO:root:Got questions for Sahilence
INFO:root:[]
INFO:root:Got questions for Poorvi_21
INFO:root:['Find Greatest Common Divisor of Array']
INFO:root:Got questions for aakarsh_11235
INFO:root:['Minimum Genetic Mutation']
INFO:root:Got questions for raghav_sakhuja
INFO:root:['Partitioning Into Minimum Number Of Deci-Binary Numbers']
INFO:root:Got questions for user8147as
INFO:root:[]
INFO:__main__:
Last Run at Wed Nov  2 14:53:29 2022 
 --------------------------------------- 

INFO:root:Got questions for vartika_7
INFO:root:[]
INFO:root:Got questions for zubaida
INFO:root:[]
INFO:root:Got questions for Anirudh-S-Kumar
INFO:root:[]
INFO:root:Got questions for devm4966
INFO:root:['Shortest Distance to a Character']
INFO:root:Got questions for Zynade
INFO:root:[]
INFO:root:Got questions for upalsci
INFO:root:[]
INFO:root:Got questions for richa21086
INFO:root:[]
INFO:root:Got questions for Sahilence
INFO:root:[]
INFO:root:Got questions for Poorvi_21
INFO:root:['Find Greatest Common Divisor of Array']
INFO:root:Got questions for aakarsh_11235
INFO:root:[]
INFO:root:Got questions for raghav_sakhuja
INFO:root:[]
INFO:root:Got questions for user8147as
INFO:root:[]
INFO:__main__:
Last Run at Wed Nov  2 15:54:20 2022 
 --------------------------------------- 

INFO:root:Got questions for vartika_7
INFO:root:[]
INFO:root:Got questions for zubaida
INFO:root:[]
INFO:root:Got questions for Anirudh-S-Kumar
INFO:root:[]
INFO:root:Got questions for devm4966
INFO:root:['Shortest Distance to a Character']
INFO:root:Got questions for Zynade
INFO:root:[]
INFO:root:Got questions for upalsci
INFO:root:[]
INFO:root:Got questions for richa21086
INFO:root:[]
INFO:root:Got questions for Sahilence
INFO:root:[]
INFO:root:Got questions for Poorvi_21
INFO:root:['Find Greatest Common Divisor of Array']
INFO:root:Got questions for aakarsh_11235
INFO:root:[]
INFO:root:Got questions for raghav_sakhuja
INFO:root:[]
INFO:root:Got questions for user8147as
INFO:root:[]
INFO:__main__:
Last Run at Wed Nov  2 17:16:46 2022 
 --------------------------------------- 

INFO:root:Got questions for vartika_7
INFO:root:[]
INFO:root:Got questions for zubaida
INFO:root:[]
INFO:root:Got questions for Anirudh-S-Kumar
INFO:root:[]
INFO:root:Got questions for devm4966
INFO:root:['Shortest Distance to a Character']
INFO:root:Got questions for Zynade
INFO:root:[]
INFO:root:Got questions for upalsci
INFO:root:[]
INFO:root:Got questions for richa21086
INFO:root:[]
INFO:root:Got questions for Sahilence
INFO:root:[]
INFO:root:Got questions for Poorvi_21
INFO:root:['Find Greatest Common Divisor of Array']
INFO:root:Got questions for aakarsh_11235
INFO:root:[]
INFO:root:Got questions for raghav_sakhuja
INFO:root:[]
INFO:root:Got questions for user8147as
INFO:root:[]
INFO:__main__:
Last Run at Wed Nov  2 17:59:51 2022 
 --------------------------------------- 

INFO:root:Got questions for vartika_7
INFO:root:[]
INFO:root:Got questions for zubaida
INFO:root:[]
INFO:root:Got questions for Anirudh-S-Kumar
INFO:root:[]
INFO:root:Got questions for devm4966
INFO:root:['Shortest Distance to a Character']
INFO:root:Got questions for Zynade
INFO:root:[]
INFO:root:Got questions for upalsci
INFO:root:[]
INFO:root:Got questions for richa21086
INFO:root:[]
INFO:root:Got questions for Sahilence
INFO:root:[]
INFO:root:Got questions for Poorvi_21
INFO:root:['Find Greatest Common Divisor of Array']
INFO:root:Got questions for aakarsh_11235
INFO:root:[]
INFO:root:Got questions for raghav_sakhuja
INFO:root:[]
INFO:root:Got questions for user8147as
INFO:root:[]
INFO:__main__:
Last Run at Wed Nov  2 18:54:52 2022 
 --------------------------------------- 

INFO:root:Got questions for vartika_7
INFO:root:[]
INFO:root:Got questions for zubaida
INFO:root:[]
INFO:root:Got questions for Anirudh-S-Kumar
INFO:root:[]
INFO:root:Got questions for devm4966
INFO:root:[]
INFO:root:Got questions for Zynade
INFO:root:[]
INFO:root:Got questions for upalsci
INFO:root:[]
INFO:root:Got questions for richa21086
INFO:root:[]
INFO:root:Got questions for Sahilence
INFO:root:[]
INFO:root:Got questions for Poorvi_21
INFO:root:[]
INFO:root:Got questions for aakarsh_11235
INFO:root:[]
INFO:root:Got questions for raghav_sakhuja
INFO:root:[]
INFO:root:Got questions for user8147as
INFO:root:[]
INFO:__main__:
Last Run at Wed Nov  2 19:48:18 2022 
 --------------------------------------- 

INFO:root:Got questions for vartika_7
INFO:root:[]
INFO:root:Got questions for zubaida
INFO:root:[]
INFO:root:Got questions for Anirudh-S-Kumar
INFO:root:[]
INFO:root:Got questions for devm4966
INFO:root:[]
INFO:root:Got questions for Zynade
INFO:root:[]
INFO:root:Got questions for upalsci
INFO:root:[]
INFO:root:Got questions for richa21086
INFO:root:[]
INFO:root:Got questions for Sahilence
INFO:root:[]
INFO:root:Got questions for Poorvi_21
INFO:root:[]
INFO:root:Got questions for aakarsh_11235
INFO:root:[]
INFO:root:Got questions for raghav_sakhuja
INFO:root:[]
INFO:root:Got questions for user8147as
INFO:root:[]
INFO:__main__:
Last Run at Wed Nov  2 20:49:55 2022 
 --------------------------------------- 

INFO:root:Got questions for vartika_7
INFO:root:[]
INFO:root:Got questions for zubaida
INFO:root:[]
INFO:root:Got questions for Anirudh-S-Kumar
INFO:root:[]
INFO:root:Got questions for devm4966
INFO:root:[]
INFO:root:Got questions for Zynade
INFO:root:[]
INFO:root:Got questions for upalsci
INFO:root:[]
INFO:root:Got questions for richa21086
INFO:root:[]
INFO:root:Got questions for Sahilence
INFO:root:[]
INFO:root:Got questions for Poorvi_21
INFO:root:[]
INFO:root:Got questions for aakarsh_11235
INFO:root:[]
INFO:root:Got questions for raghav_sakhuja
INFO:root:[]
INFO:root:Got questions for user8147as
INFO:root:[]
INFO:__main__:
Last Run at Wed Nov  2 21:49:06 2022 
 --------------------------------------- 

INFO:root:Got questions for vartika_7
INFO:root:[]
INFO:root:Got questions for zubaida
INFO:root:[]
INFO:root:Got questions for Anirudh-S-Kumar
INFO:root:[]
INFO:root:Got questions for devm4966
INFO:root:[]
INFO:root:Got questions for Zynade
INFO:root:[]
INFO:root:Got questions for upalsci
INFO:root:[]
INFO:root:Got questions for richa21086
INFO:root:[]
INFO:root:Got questions for Sahilence
INFO:root:[]
INFO:root:Got questions for Poorvi_21
INFO:root:[]
INFO:root:Got questions for aakarsh_11235
INFO:root:['Largest Rectangle in Histogram']
INFO:root:Got questions for raghav_sakhuja
INFO:root:[]
INFO:root:Got questions for user8147as
INFO:root:[]
INFO:__main__:
Last Run at Wed Nov  2 22:49:05 2022 
 --------------------------------------- 

INFO:root:Got questions for vartika_7
INFO:root:[]
INFO:root:Got questions for zubaida
INFO:root:[]
INFO:root:Got questions for Anirudh-S-Kumar
INFO:root:[]
INFO:root:Got questions for devm4966
INFO:root:[]
INFO:root:Got questions for Zynade
INFO:root:[]
INFO:root:Got questions for upalsci
INFO:root:[]
INFO:root:Got questions for richa21086
INFO:root:[]
INFO:root:Got questions for Sahilence
INFO:root:[]
INFO:root:Got questions for Poorvi_21
INFO:root:[]
INFO:root:Got questions for aakarsh_11235
INFO:root:['Largest Rectangle in Histogram']
INFO:root:Got questions for raghav_sakhuja
INFO:root:[]
INFO:root:Got questions for user8147as
INFO:root:[]
INFO:__main__:
Last Run at Wed Nov  2 23:52:09 2022 
 --------------------------------------- 

INFO:root:Got questions for vartika_7
INFO:root:[]
INFO:root:Got questions for zubaida
INFO:root:[]
INFO:root:Got questions for Anirudh-S-Kumar
INFO:root:[]
INFO:root:Got questions for devm4966
INFO:root:[]
INFO:root:Got questions for Zynade
INFO:root:[]
INFO:root:Got questions for upalsci
INFO:root:[]
INFO:root:Got questions for richa21086
INFO:root:[]
INFO:root:Got questions for Sahilence
INFO:root:[]
INFO:root:Got questions for Poorvi_21
INFO:root:[]
INFO:root:Got questions for aakarsh_11235
INFO:root:[]
INFO:root:Got questions for raghav_sakhuja
INFO:root:[]
INFO:root:Got questions for user8147as
INFO:root:[]
INFO:__main__:
Last Run at Thu Nov  3 02:49:02 2022 
 --------------------------------------- 

INFO:root:Got questions for vartika_7
INFO:root:[]
INFO:root:Got questions for zubaida
INFO:root:[]
INFO:root:Got questions for Anirudh-S-Kumar
INFO:root:[]
INFO:root:Got questions for devm4966
INFO:root:[]
INFO:root:Got questions for Zynade
INFO:root:[]
INFO:root:Got questions for upalsci
INFO:root:[]
INFO:root:Got questions for richa21086
INFO:root:['Find the Difference']
INFO:root:Got questions for Sahilence
INFO:root:[]
INFO:root:Got questions for Poorvi_21
INFO:root:[]
INFO:root:Got questions for aakarsh_11235
INFO:root:[]
INFO:root:Got questions for raghav_sakhuja
INFO:root:[]
INFO:root:Got questions for user8147as
INFO:root:[]
INFO:__main__:
Last Run at Thu Nov  3 05:07:28 2022 
 --------------------------------------- 

INFO:root:Got questions for vartika_7
INFO:root:[]
INFO:root:Got questions for zubaida
INFO:root:[]
INFO:root:Got questions for Anirudh-S-Kumar
INFO:root:[]
INFO:root:Got questions for devm4966
INFO:root:[]
INFO:root:Got questions for Zynade
INFO:root:[]
INFO:root:Got questions for upalsci
INFO:root:[]
INFO:root:Got questions for richa21086
INFO:root:['Find the Difference']
INFO:root:Got questions for Sahilence
INFO:root:[]
INFO:root:Got questions for Poorvi_21
INFO:root:[]
INFO:root:Got questions for aakarsh_11235
INFO:root:[]
INFO:root:Got questions for raghav_sakhuja
INFO:root:[]
INFO:root:Got questions for user8147as
INFO:root:[]
INFO:__main__:
Last Run at Thu Nov  3 05:48:55 2022 
 --------------------------------------- 

